<?xml version="1.0" encoding="UTF-8"?>
<!-- Generated by org.testng.reporters.JUnitXMLReporter -->
<testsuite ignored="0" hostname="DESKTOP-U6OTKG8" failures="0" tests="6" name="Surefire test" time="125.469" errors="0" timestamp="2024-09-20T18:59:37 IST">
  <testcase classname="testCases.TC001_RegisterTest" name="testNavigateToRegisterPage" time="5.153"/>
  <testcase classname="testCases.TC002_LoginTest" name="loginTest" time="2.096"/>
  <testcase classname="testCases.TC003_LoginDDTest" name="loginDataDrivenTest" time="2.127"/>
  <testcase classname="testCases.TC003_LoginDDTest" name="loginDataDrivenTest" time="16.341"/>
  <testcase classname="testCases.TC003_LoginDDTest" name="loginDataDrivenTest" time="16.831"/>
  <testcase classname="testCases.TC003_LoginDDTest" name="loginDataDrivenTest" time="17.602"/>
</testsuite> <!-- Surefire test -->
