<?xml version="1.0" encoding="UTF-8"?>
<!-- Generated by org.testng.reporters.JUnitXMLReporter -->
<testsuite ignored="0" hostname="DESKTOP-U6OTKG8" failures="0" tests="6" name="chromeTest" time="191.865" errors="0" timestamp="2024-09-20T12:18:11 IST">
  <testcase classname="testCases.TC001_RegisterTest" name="testNavigateToRegisterPage" time="9.381"/>
  <testcase classname="testCases.TC002_LoginTest" name="loginTest" time="1.807"/>
  <testcase classname="testCases.TC003_LoginDDTest" name="loginDataDrivenTest" time="2.725"/>
  <testcase classname="testCases.TC003_LoginDDTest" name="loginDataDrivenTest" time="16.412"/>
  <testcase classname="testCases.TC003_LoginDDTest" name="loginDataDrivenTest" time="16.572"/>
  <testcase classname="testCases.TC003_LoginDDTest" name="loginDataDrivenTest" time="16.465"/>
</testsuite> <!-- chromeTest -->
