<?xml version="1.0" encoding="UTF-8"?>
<testng-results ignored="0" total="6" passed="6" failed="0" skipped="0">
  <reporter-output>
  </reporter-output>
  <suite started-at="2024-09-20T18:57:31 IST" name="Surefire suite" finished-at="2024-09-20T18:59:37 IST" duration-ms="125469">
    <groups>
      <group name="Master">
        <method signature="TC001_RegisterTest.testNavigateToRegisterPage()[pri:0, instance:testCases.TC001_RegisterTest@4b5a5ed1]" name="testNavigateToRegisterPage" class="testCases.TC001_RegisterTest"/>
        <method signature="TC002_LoginTest.loginTest()[pri:0, instance:testCases.TC002_LoginTest@48aaecc3]" name="loginTest" class="testCases.TC002_LoginTest"/>
        <method signature="TC003_LoginDDTest.loginDataDrivenTest(java.lang.String,java.lang.String,java.lang.String)[pri:0, instance:testCases.TC003_LoginDDTest@7c0c77c7]" name="loginDataDrivenTest" class="testCases.TC003_LoginDDTest"/>
      </group> <!-- Master -->
      <group name="Sanity">
        <method signature="TC002_LoginTest.loginTest()[pri:0, instance:testCases.TC002_LoginTest@48aaecc3]" name="loginTest" class="testCases.TC002_LoginTest"/>
      </group> <!-- Sanity -->
      <group name="Regression">
        <method signature="TC001_RegisterTest.testNavigateToRegisterPage()[pri:0, instance:testCases.TC001_RegisterTest@4b5a5ed1]" name="testNavigateToRegisterPage" class="testCases.TC001_RegisterTest"/>
      </group> <!-- Regression -->
      <group name="Datadriven">
        <method signature="TC003_LoginDDTest.loginDataDrivenTest(java.lang.String,java.lang.String,java.lang.String)[pri:0, instance:testCases.TC003_LoginDDTest@7c0c77c7]" name="loginDataDrivenTest" class="testCases.TC003_LoginDDTest"/>
      </group> <!-- Datadriven -->
    </groups>
    <test started-at="2024-09-20T18:57:31 IST" name="Surefire test" finished-at="2024-09-20T18:59:37 IST" duration-ms="125469">
      <class name="testCases.TC003_LoginDDTest">
        <test-method is-config="true" signature="setUp(java.lang.String,java.lang.String)[pri:0, instance:testCases.TC003_LoginDDTest@7c0c77c7]" started-at="2024-09-20T18:58:27 IST" name="setUp" finished-at="2024-09-20T18:58:33 IST" duration-ms="6712" status="PASS">
          <params>
            <param index="0">
              <value>
                <![CDATA[windows]]>
              </value>
            </param>
            <param index="1">
              <value>
                <![CDATA[chrome]]>
              </value>
            </param>
          </params>
          <reporter-output>
          </reporter-output>
        </test-method> <!-- setUp -->
        <test-method signature="loginDataDrivenTest(java.lang.String,java.lang.String,java.lang.String)[pri:0, instance:testCases.TC003_LoginDDTest@7c0c77c7]" started-at="2024-09-20T18:58:42 IST" name="loginDataDrivenTest" data-provider="LoginData" finished-at="2024-09-20T18:58:45 IST" duration-ms="2127" status="PASS">
          <params>
            <param index="0">
              <value>
                <![CDATA[yug.m@gmail.com]]>
              </value>
            </param>
            <param index="1">
              <value>
                <![CDATA[yug@123]]>
              </value>
            </param>
            <param index="2">
              <value>
                <![CDATA[valid]]>
              </value>
            </param>
          </params>
          <reporter-output>
          </reporter-output>
        </test-method> <!-- loginDataDrivenTest -->
        <test-method signature="loginDataDrivenTest(java.lang.String,java.lang.String,java.lang.String)[pri:0, instance:testCases.TC003_LoginDDTest@7c0c77c7]" started-at="2024-09-20T18:58:45 IST" name="loginDataDrivenTest" data-provider="LoginData" finished-at="2024-09-20T18:59:01 IST" duration-ms="16341" status="PASS">
          <params>
            <param index="0">
              <value>
                <![CDATA[yug.m1@gmail.com]]>
              </value>
            </param>
            <param index="1">
              <value>
                <![CDATA[yug@123]]>
              </value>
            </param>
            <param index="2">
              <value>
                <![CDATA[invalid]]>
              </value>
            </param>
          </params>
          <reporter-output>
          </reporter-output>
        </test-method> <!-- loginDataDrivenTest -->
        <test-method signature="loginDataDrivenTest(java.lang.String,java.lang.String,java.lang.String)[pri:0, instance:testCases.TC003_LoginDDTest@7c0c77c7]" started-at="2024-09-20T18:59:01 IST" name="loginDataDrivenTest" data-provider="LoginData" finished-at="2024-09-20T18:59:18 IST" duration-ms="16831" status="PASS">
          <params>
            <param index="0">
              <value>
                <![CDATA[yug.m@gmail.com]]>
              </value>
            </param>
            <param index="1">
              <value>
                <![CDATA[yug@1234]]>
              </value>
            </param>
            <param index="2">
              <value>
                <![CDATA[invalid]]>
              </value>
            </param>
          </params>
          <reporter-output>
          </reporter-output>
        </test-method> <!-- loginDataDrivenTest -->
        <test-method signature="loginDataDrivenTest(java.lang.String,java.lang.String,java.lang.String)[pri:0, instance:testCases.TC003_LoginDDTest@7c0c77c7]" started-at="2024-09-20T18:59:18 IST" name="loginDataDrivenTest" data-provider="LoginData" finished-at="2024-09-20T18:59:35 IST" duration-ms="17602" status="PASS">
          <params>
            <param index="0">
              <value>
                <![CDATA[yug.m1@gmail.com]]>
              </value>
            </param>
            <param index="1">
              <value>
                <![CDATA[yug@1234]]>
              </value>
            </param>
            <param index="2">
              <value>
                <![CDATA[invalid]]>
              </value>
            </param>
          </params>
          <reporter-output>
          </reporter-output>
        </test-method> <!-- loginDataDrivenTest -->
        <test-method is-config="true" signature="tearDown()[pri:0, instance:testCases.TC003_LoginDDTest@7c0c77c7]" started-at="2024-09-20T18:59:35 IST" name="tearDown" finished-at="2024-09-20T18:59:37 IST" duration-ms="1520" status="PASS">
          <reporter-output>
          </reporter-output>
        </test-method> <!-- tearDown -->
      </class> <!-- testCases.TC003_LoginDDTest -->
      <class name="testCases.TC002_LoginTest">
        <test-method is-config="true" signature="setUp(java.lang.String,java.lang.String)[pri:0, instance:testCases.TC002_LoginTest@48aaecc3]" started-at="2024-09-20T18:58:13 IST" name="setUp" finished-at="2024-09-20T18:58:24 IST" duration-ms="10958" status="PASS">
          <params>
            <param index="0">
              <value>
                <![CDATA[windows]]>
              </value>
            </param>
            <param index="1">
              <value>
                <![CDATA[chrome]]>
              </value>
            </param>
          </params>
          <reporter-output>
          </reporter-output>
        </test-method> <!-- setUp -->
        <test-method signature="loginTest()[pri:0, instance:testCases.TC002_LoginTest@48aaecc3]" started-at="2024-09-20T18:58:24 IST" name="loginTest" finished-at="2024-09-20T18:58:26 IST" duration-ms="2096" status="PASS">
          <reporter-output>
          </reporter-output>
        </test-method> <!-- loginTest -->
        <test-method is-config="true" signature="tearDown()[pri:0, instance:testCases.TC002_LoginTest@48aaecc3]" started-at="2024-09-20T18:58:26 IST" name="tearDown" finished-at="2024-09-20T18:58:27 IST" duration-ms="282" status="PASS">
          <reporter-output>
          </reporter-output>
        </test-method> <!-- tearDown -->
      </class> <!-- testCases.TC002_LoginTest -->
      <class name="testCases.TC001_RegisterTest">
        <test-method is-config="true" signature="setUp(java.lang.String,java.lang.String)[pri:0, instance:testCases.TC001_RegisterTest@4b5a5ed1]" started-at="2024-09-20T18:57:31 IST" name="setUp" finished-at="2024-09-20T18:58:07 IST" duration-ms="35698" status="PASS">
          <params>
            <param index="0">
              <value>
                <![CDATA[windows]]>
              </value>
            </param>
            <param index="1">
              <value>
                <![CDATA[chrome]]>
              </value>
            </param>
          </params>
          <reporter-output>
          </reporter-output>
        </test-method> <!-- setUp -->
        <test-method signature="testNavigateToRegisterPage()[pri:0, instance:testCases.TC001_RegisterTest@4b5a5ed1]" started-at="2024-09-20T18:58:07 IST" name="testNavigateToRegisterPage" finished-at="2024-09-20T18:58:12 IST" duration-ms="5153" status="PASS">
          <reporter-output>
          </reporter-output>
        </test-method> <!-- testNavigateToRegisterPage -->
        <test-method is-config="true" signature="tearDown()[pri:0, instance:testCases.TC001_RegisterTest@4b5a5ed1]" started-at="2024-09-20T18:58:12 IST" name="tearDown" finished-at="2024-09-20T18:58:13 IST" duration-ms="885" status="PASS">
          <reporter-output>
          </reporter-output>
        </test-method> <!-- tearDown -->
      </class> <!-- testCases.TC001_RegisterTest -->
    </test> <!-- Surefire test -->
  </suite> <!-- Surefire suite -->
</testng-results>
